<?xml version="1.0" encoding="UTF-8"?>
<testsuites>
  <testsuite name="fastlane.lanes">
    
    
    
      
      <testcase classname="fastlane.lanes" name="0: default_platform" time="0.034236">
        
      </testcase>
    
      
      <testcase classname="fastlane.lanes" name="1: gradle" time="5.041205">
        
          <failure message="/Users/linus/.fastlane/bin/bundle/lib/ruby/gems/2.2.0/gems/fastlane-2.101.1/fastlane/lib/fastlane/actions/actions_helper.rb:48:in `execute_action'&#10;/Users/linus/.fastlane/bin/bundle/lib/ruby/gems/2.2.0/gems/fastlane-2.101.1/fastlane/lib/fastlane/runner.rb:232:in `block in execute_action'&#10;/Users/linus/.fastlane/bin/bundle/lib/ruby/gems/2.2.0/gems/fastlane-2.101.1/fastlane/lib/fastlane/runner.rb:227:in `chdir'&#10;/Users/linus/.fastlane/bin/bundle/lib/ruby/gems/2.2.0/gems/fastlane-2.101.1/fastlane/lib/fastlane/runner.rb:227:in `execute_action'&#10;/Users/linus/.fastlane/bin/bundle/lib/ruby/gems/2.2.0/gems/fastlane-2.101.1/fastlane/lib/fastlane/runner.rb:157:in `trigger_action_by_name'&#10;/Users/linus/.fastlane/bin/bundle/lib/ruby/gems/2.2.0/gems/fastlane-2.101.1/fastlane/lib/fastlane/fast_file.rb:149:in `method_missing'&#10;Fastfile:26:in `block (2 levels) in parsing_binding'&#10;/Users/linus/.fastlane/bin/bundle/lib/ruby/gems/2.2.0/gems/fastlane-2.101.1/fastlane/lib/fastlane/lane.rb:33:in `call'&#10;/Users/linus/.fastlane/bin/bundle/lib/ruby/gems/2.2.0/gems/fastlane-2.101.1/fastlane/lib/fastlane/lane.rb:33:in `call'&#10;/Users/linus/.fastlane/bin/bundle/lib/ruby/gems/2.2.0/gems/fastlane-2.101.1/fastlane/lib/fastlane/runner.rb:49:in `block in execute'&#10;/Users/linus/.fastlane/bin/bundle/lib/ruby/gems/2.2.0/gems/fastlane-2.101.1/fastlane/lib/fastlane/runner.rb:45:in `chdir'&#10;/Users/linus/.fastlane/bin/bundle/lib/ruby/gems/2.2.0/gems/fastlane-2.101.1/fastlane/lib/fastlane/runner.rb:45:in `execute'&#10;/Users/linus/.fastlane/bin/bundle/lib/ruby/gems/2.2.0/gems/fastlane-2.101.1/fastlane/lib/fastlane/lane_manager.rb:56:in `cruise_lane'&#10;/Users/linus/.fastlane/bin/bundle/lib/ruby/gems/2.2.0/gems/fastlane-2.101.1/fastlane/lib/fastlane/command_line_handler.rb:36:in `handle'&#10;/Users/linus/.fastlane/bin/bundle/lib/ruby/gems/2.2.0/gems/fastlane-2.101.1/fastlane/lib/fastlane/commands_generator.rb:108:in `block (2 levels) in run'&#10;/Users/linus/.fastlane/bin/bundle/lib/ruby/gems/2.2.0/gems/commander-fastlane-4.4.6/lib/commander/command.rb:178:in `call'&#10;/Users/linus/.fastlane/bin/bundle/lib/ruby/gems/2.2.0/gems/commander-fastlane-4.4.6/lib/commander/command.rb:178:in `call'&#10;/Users/linus/.fastlane/bin/bundle/lib/ruby/gems/2.2.0/gems/commander-fastlane-4.4.6/lib/commander/command.rb:153:in `run'&#10;/Users/linus/.fastlane/bin/bundle/lib/ruby/gems/2.2.0/gems/commander-fastlane-4.4.6/lib/commander/runner.rb:476:in `run_active_command'&#10;/Users/linus/.fastlane/bin/bundle/lib/ruby/gems/2.2.0/gems/fastlane-2.101.1/fastlane_core/lib/fastlane_core/ui/fastlane_runner.rb:74:in `run!'&#10;/Users/linus/.fastlane/bin/bundle/lib/ruby/gems/2.2.0/gems/commander-fastlane-4.4.6/lib/commander/delegates.rb:15:in `run!'&#10;/Users/linus/.fastlane/bin/bundle/lib/ruby/gems/2.2.0/gems/fastlane-2.101.1/fastlane/lib/fastlane/commands_generator.rb:333:in `run'&#10;/Users/linus/.fastlane/bin/bundle/lib/ruby/gems/2.2.0/gems/fastlane-2.101.1/fastlane/lib/fastlane/commands_generator.rb:41:in `start'&#10;/Users/linus/.fastlane/bin/bundle/lib/ruby/gems/2.2.0/gems/fastlane-2.101.1/fastlane/lib/fastlane/cli_tools_distributor.rb:108:in `take_off'&#10;/Users/linus/.fastlane/bin/bundle/lib/ruby/gems/2.2.0/gems/fastlane-2.101.1/bin/fastlane:20:in `&lt;top (required)&gt;'&#10;/Users/linus/.fastlane/bin/bundle/bin/fastlane:22:in `load'&#10;/Users/linus/.fastlane/bin/bundle/bin/fastlane:22:in `&lt;main&gt;'&#10;&#10;Exit status of command '/Users/linus/Dev/apod_viewer_flutter/android/gradlew assemblerelease -p .' was 1 instead of 0.&#10;:app:preBuild UP-TO-DATE&#10;:fluttertoast:preBuild UP-TO-DATE&#10;:fluttertoast:preReleaseBuild UP-TO-DATE&#10;:fluttertoast:checkReleaseManifest UP-TO-DATE&#10;:fluttertoast:processReleaseManifest UP-TO-DATE&#10;:path_provider:preBuild UP-TO-DATE&#10;:path_provider:preReleaseBuild UP-TO-DATE&#10;:path_provider:checkReleaseManifest UP-TO-DATE&#10;:path_provider:processReleaseManifest UP-TO-DATE&#10;:sensors:preBuild UP-TO-DATE&#10;:sensors:preReleaseBuild UP-TO-DATE&#10;:sensors:checkReleaseManifest UP-TO-DATE&#10;:sensors:processReleaseManifest UP-TO-DATE&#10;:sqflite:preBuild UP-TO-DATE&#10;:sqflite:preReleaseBuild UP-TO-DATE&#10;:sqflite:checkReleaseManifest UP-TO-DATE&#10;:sqflite:processReleaseManifest UP-TO-DATE&#10;:url_launcher:preBuild UP-TO-DATE&#10;:url_launcher:preReleaseBuild UP-TO-DATE&#10;:url_launcher:checkReleaseManifest UP-TO-DATE&#10;:url_launcher:processReleaseManifest UP-TO-DATE&#10;:app:preReleaseBuild UP-TO-DATE&#10;:fluttertoast:compileReleaseAidl UP-TO-DATE&#10;:path_provider:compileReleaseAidl UP-TO-DATE&#10;:sensors:compileReleaseAidl UP-TO-DATE&#10;:sqflite:compileReleaseAidl UP-TO-DATE&#10;:url_launcher:compileReleaseAidl UP-TO-DATE&#10;:app:compileReleaseAidl UP-TO-DATE&#10;:fluttertoast:packageReleaseRenderscript NO-SOURCE&#10;:path_provider:packageReleaseRenderscript NO-SOURCE&#10;:sensors:packageReleaseRenderscript NO-SOURCE&#10;:sqflite:packageReleaseRenderscript NO-SOURCE&#10;:url_launcher:packageReleaseRenderscript NO-SOURCE&#10;:app:compileReleaseRenderscript UP-TO-DATE&#10;:app:checkReleaseManifest UP-TO-DATE&#10;:app:generateReleaseBuildConfig UP-TO-DATE&#10;:app:prepareLintJar UP-TO-DATE&#10;:app:cleanMergeReleaseAssets UP-TO-DATE&#10;:app:flutterBuildReleasecompiler message: Error: Could not resolve the package 'apod_viewer' in 'package:apod_viewer/src/home_page.dart'.&#10;compiler message: package:apod_viewer/src/home_page.dart:1: Error: Not found: package:apod_viewer/src/home_page.dart.&#10;Compiler terminated unexpectedly.&#10; FAILED&#10;&#10;FAILURE: Build failed with an exception.&#10;&#10;* Where:&#10;Script '/Users/linus/flutter/packages/flutter_tools/gradle/flutter.gradle' line: 413&#10;&#10;* What went wrong:&#10;Execution failed for task ':app:flutterBuildRelease'.&#10;&gt; Process 'command '/Users/linus/flutter/bin/flutter'' finished with non-zero exit value 1&#10;&#10;* Try:&#10;Run with --stacktrace option to get the stack trace. Run with --info or --debug option to get more log output. Run with --scan to get full insights.&#10;&#10;* Get more help at https://help.gradle.org&#10;&#10;BUILD FAILED in 4s&#10;23 actionable tasks: 1 executed, 22 up-to-date&#10;" />
        
      </testcase>
    
  </testsuite>
</testsuites>
